TFRecords files already exist. Proceed with the execution
Preparing dataset hapt...
rnn input shape:  (None, 250, 6)
rnn output shape: (None, 12)
All relevant data from this run is stored in /Users/Pankai/PycharmProjects/dl-lab-21w-team20/runs/run_2022-02-01T11-25-36-105082_fc_10
Tensorboard output will be stored in: /Users/Pankai/PycharmProjects/dl-lab-21w-team20/human_activity_recognition/logs/20220201-112537
Training will be from scratch since no valid checkpoint was specified.
All checkpoints will be stored in: /Users/Pankai/PycharmProjects/dl-lab-21w-team20/runs/run_2022-02-01T11-25-36-105082_fc_10/ckpts

======== Starting Training ========
Step 20, Loss: 1.6062448024749756, Accuracy: 50.00%, Test Loss: 1.1083627939224243, Validation Accuracy: 63.23%
Saving better val_acc checkpoint to /Users/Pankai/PycharmProjects/dl-lab-21w-team20/runs/run_2022-02-01T11-25-36-105082_fc_10/ckpts.
Step 40, Loss: 0.8247674703598022, Accuracy: 72.34%, Test Loss: 0.6987100839614868, Validation Accuracy: 78.43%
Saving better val_acc checkpoint to /Users/Pankai/PycharmProjects/dl-lab-21w-team20/runs/run_2022-02-01T11-25-36-105082_fc_10/ckpts.
Step 60, Loss: 0.5931364297866821, Accuracy: 84.22%, Test Loss: 0.4766935110092163, Validation Accuracy: 82.57%
Saving better val_acc checkpoint to /Users/Pankai/PycharmProjects/dl-lab-21w-team20/runs/run_2022-02-01T11-25-36-105082_fc_10/ckpts.
Step 80, Loss: 0.42334383726119995, Accuracy: 86.25%, Test Loss: 0.4438229501247406, Validation Accuracy: 81.72%
Step 100, Loss: 0.4368865489959717, Accuracy: 87.03%, Test Loss: 0.27662813663482666, Validation Accuracy: 89.16%
Saving better val_acc checkpoint to /Users/Pankai/PycharmProjects/dl-lab-21w-team20/runs/run_2022-02-01T11-25-36-105082_fc_10/ckpts.
Step 120, Loss: 0.2652865946292877, Accuracy: 90.78%, Test Loss: 0.43473535776138306, Validation Accuracy: 86.40%
Step 140, Loss: 0.35737109184265137, Accuracy: 87.50%, Test Loss: 0.42779305577278137, Validation Accuracy: 80.66%
Step 160, Loss: 0.33249640464782715, Accuracy: 90.16%, Test Loss: 0.3657282888889313, Validation Accuracy: 85.33%
Step 180, Loss: 0.26736292243003845, Accuracy: 92.03%, Test Loss: 0.370608389377594, Validation Accuracy: 86.82%
Step 200, Loss: 0.25103408098220825, Accuracy: 90.94%, Test Loss: 0.3897154927253723, Validation Accuracy: 80.98%
Step 220, Loss: 0.22142986953258514, Accuracy: 91.72%, Test Loss: 0.22802655398845673, Validation Accuracy: 89.80%
Saving better val_acc checkpoint to /Users/Pankai/PycharmProjects/dl-lab-21w-team20/runs/run_2022-02-01T11-25-36-105082_fc_10/ckpts.
Step 240, Loss: 0.2797783613204956, Accuracy: 90.29%, Test Loss: 0.35312801599502563, Validation Accuracy: 87.46%
Step 260, Loss: 0.2732906639575958, Accuracy: 91.41%, Test Loss: 0.30697858333587646, Validation Accuracy: 87.14%
Step 280, Loss: 0.28956443071365356, Accuracy: 92.66%, Test Loss: 0.2822646498680115, Validation Accuracy: 89.90%
Saving better val_acc checkpoint to /Users/Pankai/PycharmProjects/dl-lab-21w-team20/runs/run_2022-02-01T11-25-36-105082_fc_10/ckpts.
Step 300, Loss: 0.3011823892593384, Accuracy: 91.25%, Test Loss: 0.25678831338882446, Validation Accuracy: 88.42%
Step 320, Loss: 0.2316712588071823, Accuracy: 92.66%, Test Loss: 0.20173028111457825, Validation Accuracy: 90.97%
Saving better val_acc checkpoint to /Users/Pankai/PycharmProjects/dl-lab-21w-team20/runs/run_2022-02-01T11-25-36-105082_fc_10/ckpts.
Step 340, Loss: 0.23077459633350372, Accuracy: 92.66%, Test Loss: 0.2331782430410385, Validation Accuracy: 88.95%
Step 360, Loss: 0.20141787827014923, Accuracy: 93.44%, Test Loss: 0.4467587172985077, Validation Accuracy: 85.23%
Step 380, Loss: 0.14707264304161072, Accuracy: 95.47%, Test Loss: 0.34335464239120483, Validation Accuracy: 90.75%
Step 400, Loss: 0.13820880651474, Accuracy: 95.31%, Test Loss: 0.4719524681568146, Validation Accuracy: 88.10%
Step 420, Loss: 0.15865477919578552, Accuracy: 94.53%, Test Loss: 0.36848974227905273, Validation Accuracy: 91.29%
Saving better val_acc checkpoint to /Users/Pankai/PycharmProjects/dl-lab-21w-team20/runs/run_2022-02-01T11-25-36-105082_fc_10/ckpts.
Step 440, Loss: 0.144651859998703, Accuracy: 95.62%, Test Loss: 0.3250404894351959, Validation Accuracy: 88.31%
Step 460, Loss: 0.16715168952941895, Accuracy: 92.88%, Test Loss: 0.25245699286460876, Validation Accuracy: 89.37%
Step 480, Loss: 0.16376115381717682, Accuracy: 95.94%, Test Loss: 0.2752361595630646, Validation Accuracy: 88.42%
Step 500, Loss: 0.17708756029605865, Accuracy: 94.69%, Test Loss: 0.5990170240402222, Validation Accuracy: 86.93%
Step 520, Loss: 0.14395034313201904, Accuracy: 95.00%, Test Loss: 0.32058677077293396, Validation Accuracy: 91.07%
Step 540, Loss: 0.133457213640213, Accuracy: 95.31%, Test Loss: 0.3148980140686035, Validation Accuracy: 88.20%
Step 560, Loss: 0.18039682507514954, Accuracy: 94.06%, Test Loss: 0.2311713844537735, Validation Accuracy: 90.75%
Step 580, Loss: 0.10635968297719955, Accuracy: 95.47%, Test Loss: 0.3308331370353699, Validation Accuracy: 87.89%
Step 600, Loss: 0.09242935478687286, Accuracy: 97.03%, Test Loss: 0.40876153111457825, Validation Accuracy: 87.67%
Step 620, Loss: 0.07323651760816574, Accuracy: 97.50%, Test Loss: 0.41601163148880005, Validation Accuracy: 89.05%
Step 640, Loss: 0.09023313224315643, Accuracy: 96.41%, Test Loss: 0.4776760935783386, Validation Accuracy: 87.14%
Step 660, Loss: 0.060648005455732346, Accuracy: 97.34%, Test Loss: 0.393521785736084, Validation Accuracy: 87.46%
Step 680, Loss: 0.11366283893585205, Accuracy: 96.12%, Test Loss: 0.37433046102523804, Validation Accuracy: 87.25%
Step 700, Loss: 0.10942069441080093, Accuracy: 96.09%, Test Loss: 0.35748541355133057, Validation Accuracy: 89.16%
Step 720, Loss: 0.09358229488134384, Accuracy: 96.88%, Test Loss: 0.3607511818408966, Validation Accuracy: 89.05%
Step 740, Loss: 0.10083220154047012, Accuracy: 96.09%, Test Loss: 0.40135982632637024, Validation Accuracy: 87.25%
Step 760, Loss: 0.09687931835651398, Accuracy: 96.25%, Test Loss: 0.40832844376564026, Validation Accuracy: 87.14%
Step 780, Loss: 0.07842278480529785, Accuracy: 96.72%, Test Loss: 0.36333826184272766, Validation Accuracy: 88.63%
Step 800, Loss: 0.065779909491539, Accuracy: 97.50%, Test Loss: 0.37457355856895447, Validation Accuracy: 88.74%
Step 820, Loss: 0.06674790382385254, Accuracy: 97.50%, Test Loss: 0.4644032418727875, Validation Accuracy: 87.46%
Step 840, Loss: 0.035656653344631195, Accuracy: 98.75%, Test Loss: 0.4934352934360504, Validation Accuracy: 87.25%
Step 860, Loss: 0.040724016726017, Accuracy: 98.91%, Test Loss: 0.45604047179222107, Validation Accuracy: 88.74%
Step 880, Loss: 0.06574757397174835, Accuracy: 98.44%, Test Loss: 0.42473989725112915, Validation Accuracy: 89.48%
Step 900, Loss: 0.07382575422525406, Accuracy: 97.25%, Test Loss: 0.46917399764060974, Validation Accuracy: 87.57%
Step 920, Loss: 0.06730705499649048, Accuracy: 97.50%, Test Loss: 0.44803670048713684, Validation Accuracy: 87.89%
Step 940, Loss: 0.06093904376029968, Accuracy: 97.97%, Test Loss: 0.430196613073349, Validation Accuracy: 88.31%
Step 960, Loss: 0.05924913287162781, Accuracy: 97.97%, Test Loss: 0.41974732279777527, Validation Accuracy: 88.74%
Step 980, Loss: 0.051711004227399826, Accuracy: 98.75%, Test Loss: 0.46421030163764954, Validation Accuracy: 87.46%
Step 1000, Loss: 0.06413409858942032, Accuracy: 97.66%, Test Loss: 0.4662766754627228, Validation Accuracy: 87.67%
Step 1020, Loss: 0.04458557814359665, Accuracy: 98.44%, Test Loss: 0.462246835231781, Validation Accuracy: 87.89%
Step 1040, Loss: 0.05829327553510666, Accuracy: 97.97%, Test Loss: 0.5081879496574402, Validation Accuracy: 87.67%
Step 1060, Loss: 0.03132040053606033, Accuracy: 98.91%, Test Loss: 0.5815334916114807, Validation Accuracy: 87.78%
Step 1080, Loss: 0.04318494349718094, Accuracy: 98.75%, Test Loss: 0.5302771329879761, Validation Accuracy: 87.67%
Step 1100, Loss: 0.047787174582481384, Accuracy: 98.75%, Test Loss: 0.5081474781036377, Validation Accuracy: 87.67%
Step 1120, Loss: 0.05890892073512077, Accuracy: 98.06%, Test Loss: 0.4560009837150574, Validation Accuracy: 87.78%
Step 1140, Loss: 0.050700586289167404, Accuracy: 97.81%, Test Loss: 0.42293819785118103, Validation Accuracy: 88.31%
Step 1160, Loss: 0.047973811626434326, Accuracy: 97.81%, Test Loss: 0.4565226435661316, Validation Accuracy: 90.44%
Step 1180, Loss: 0.06470544636249542, Accuracy: 97.97%, Test Loss: 0.5104627013206482, Validation Accuracy: 89.27%
Step 1200, Loss: 0.05832616239786148, Accuracy: 97.03%, Test Loss: 0.514098048210144, Validation Accuracy: 89.37%
Step 1220, Loss: 0.05824414640665054, Accuracy: 97.03%, Test Loss: 0.4650634229183197, Validation Accuracy: 89.05%
Step 1240, Loss: 0.04708214849233627, Accuracy: 98.28%, Test Loss: 0.4689202308654785, Validation Accuracy: 88.10%
Step 1260, Loss: 0.05016706511378288, Accuracy: 98.28%, Test Loss: 0.5222375392913818, Validation Accuracy: 87.89%
Step 1280, Loss: 0.023201730102300644, Accuracy: 99.38%, Test Loss: 0.5602643489837646, Validation Accuracy: 87.89%
Step 1300, Loss: 0.043966054916381836, Accuracy: 98.75%, Test Loss: 0.574360191822052, Validation Accuracy: 88.10%
Step 1320, Loss: 0.03747592866420746, Accuracy: 98.75%, Test Loss: 0.6452515721321106, Validation Accuracy: 87.67%
Step 1340, Loss: 0.05696382373571396, Accuracy: 98.28%, Test Loss: 0.4980996549129486, Validation Accuracy: 87.67%
Step 1360, Loss: 0.04898947849869728, Accuracy: 97.25%, Test Loss: 0.4352276921272278, Validation Accuracy: 89.16%
Step 1380, Loss: 0.054914187639951706, Accuracy: 97.81%, Test Loss: 0.4604068100452423, Validation Accuracy: 89.16%
Step 1400, Loss: 0.057912297546863556, Accuracy: 98.75%, Test Loss: 0.534132182598114, Validation Accuracy: 88.10%
Step 1420, Loss: 0.04724560305476189, Accuracy: 98.12%, Test Loss: 0.5623472929000854, Validation Accuracy: 87.78%
Step 1440, Loss: 0.04337882623076439, Accuracy: 98.28%, Test Loss: 0.5173376798629761, Validation Accuracy: 87.78%
Step 1460, Loss: 0.04219093173742294, Accuracy: 98.75%, Test Loss: 0.4979497492313385, Validation Accuracy: 87.99%
Step 1480, Loss: 0.054654527455568314, Accuracy: 97.81%, Test Loss: 0.5332182049751282, Validation Accuracy: 87.99%
Step 1500, Loss: 0.025149425491690636, Accuracy: 99.38%, Test Loss: 0.5674629211425781, Validation Accuracy: 87.89%
Finished training after 1500 steps.
